<?xml version="1.0" encoding="UTF-8"?>
<!-- Generated by org.testng.reporters.JUnitReportReporter -->
<testsuite hostname="DESKTOP-2FG08GB" failures="0" tests="4" name="test.Loginpagetest" time="0.042" errors="1" timestamp="2024-07-02T14:40:37 IST" skipped="3">
  <testcase classname="test.Loginpagetest" name="Title" time="0.000">
    <skipped/>
  </testcase> <!-- Title -->
  <system-out/>
  <testcase classname="test.Loginpagetest" name="launchUrl" time="0.042">
    <error type="java.lang.StackOverflowError">
      <![CDATA[java.lang.StackOverflowError
at test.Loginpagetest.launchUrl(Loginpagetest.java:13)
at test.Loginpagetest.launchUrl(Loginpagetest.java:13)
at test.Loginpagetest.launchUrl(Loginpagetest.java:13)
at test.Loginpagetest.launchUrl(Loginpagetest.java:13)
at test.Loginpagetest.launchUrl(Loginpagetest.java:13)
at test.Loginpagetest.launchUrl(Loginpagetest.java:13)
at test.Loginpagetest.launchUrl(Loginpagetest.java:13)
at test.Loginpagetest.launchUrl(Loginpagetest.java:13)
at test.Loginpagetest.launchUrl(Loginpagetest.java:13)
at test.Loginpagetest.launchUrl(Loginpagetest.java:13)
at test.Loginpagetest.launchUrl(Loginpagetest.java:13)
at test.Loginpagetest.launchUrl(Loginpagetest.java:13)
at test.Loginpagetest.launchUrl(Loginpagetest.java:13)
at test.Loginpagetest.launchUrl(Loginpagetest.java:13)
at test.Loginpagetest.launchUrl(Loginpagetest.java:13)
at test.Loginpagetest.launchUrl(Loginpagetest.java:13)
at test.Loginpagetest.launchUrl(Loginpagetest.java:13)
at test.Loginpagetest.launchUrl(Loginpagetest.java:13)
at test.Loginpagetest.launchUrl(Loginpagetest.java:13)
at test.Loginpagetest.launchUrl(Loginpagetest.java:13)
at test.Loginpagetest.launchUrl(Loginpagetest.java:13)
at test.Loginpagetest.launchUrl(Loginpagetest.java:13)
at test.Loginpagetest.launchUrl(Loginpagetest.java:13)
at test.Loginpagetest.launchUrl(Loginpagetest.java:13)
at test.Loginpagetest.launchUrl(Loginpagetest.java:13)
at test.Loginpagetest.launchUrl(Loginpagetest.java:13)
at test.Loginpagetest.launchUrl(Loginpagetest.java:13)
at test.Loginpagetest.launchUrl(Loginpagetest.java:13)
at test.Loginpagetest.launchUrl(Loginpagetest.java:13)
at test.Loginpagetest.launchUrl(Loginpagetest.java:13)
at test.Loginpagetest.launchUrl(Loginpagetest.java:13)
at test.Loginpagetest.launchUrl(Loginpagetest.java:13)
at test.Loginpagetest.launchUrl(Loginpagetest.java:13)
at test.Loginpagetest.launchUrl(Loginpagetest.java:13)
at test.Loginpagetest.launchUrl(Loginpagetest.java:13)
at test.Loginpagetest.launchUrl(Loginpagetest.java:13)
at test.Loginpagetest.launchUrl(Loginpagetest.java:13)
at test.Loginpagetest.launchUrl(Loginpagetest.java:13)
at test.Loginpagetest.launchUrl(Loginpagetest.java:13)
at test.Loginpagetest.launchUrl(Loginpagetest.java:13)
at test.Loginpagetest.launchUrl(Loginpagetest.java:13)
at test.Loginpagetest.launchUrl(Loginpagetest.java:13)
at test.Loginpagetest.launchUrl(Loginpagetest.java:13)
at test.Loginpagetest.launchUrl(Loginpagetest.java:13)
at test.Loginpagetest.launchUrl(Loginpagetest.java:13)
at test.Loginpagetest.launchUrl(Loginpagetest.java:13)
at test.Loginpagetest.launchUrl(Loginpagetest.java:13)
at test.Loginpagetest.launchUrl(Loginpagetest.java:13)
at test.Loginpagetest.launchUrl(Loginpagetest.java:13)
at test.Loginpagetest.launchUrl(Loginpagetest.java:13)
at test.Loginpagetest.launchUrl(Loginpagetest.java:13)
at test.Loginpagetest.launchUrl(Loginpagetest.java:13)
at test.Loginpagetest.launchUrl(Loginpagetest.java:13)
at test.Loginpagetest.launchUrl(Loginpagetest.java:13)
at test.Loginpagetest.launchUrl(Loginpagetest.java:13)
at test.Loginpagetest.launchUrl(Loginpagetest.java:13)
at test.Loginpagetest.launchUrl(Loginpagetest.java:13)
at test.Loginpagetest.launchUrl(Loginpagetest.java:13)
at test.Loginpagetest.launchUrl(Loginpagetest.java:13)
at test.Loginpagetest.launchUrl(Loginpagetest.java:13)
at test.Loginpagetest.launchUrl(Loginpagetest.java:13)
at test.Loginpagetest.launchUrl(Loginpagetest.java:13)
at test.Loginpagetest.launchUrl(Loginpagetest.java:13)
at test.Loginpagetest.launchUrl(Loginpagetest.java:13)
at test.Loginpagetest.launchUrl(Loginpagetest.java:13)
at test.Loginpagetest.launchUrl(Loginpagetest.java:13)
at test.Loginpagetest.launchUrl(Loginpagetest.java:13)
at test.Loginpagetest.launchUrl(Loginpagetest.java:13)
at test.Loginpagetest.launchUrl(Loginpagetest.java:13)
at test.Loginpagetest.launchUrl(Loginpagetest.java:13)
at test.Loginpagetest.launchUrl(Loginpagetest.java:13)
at test.Loginpagetest.launchUrl(Loginpagetest.java:13)
at test.Loginpagetest.launchUrl(Loginpagetest.java:13)
at test.Loginpagetest.launchUrl(Loginpagetest.java:13)
at test.Loginpagetest.launchUrl(Loginpagetest.java:13)
at test.Loginpagetest.launchUrl(Loginpagetest.java:13)
at test.Loginpagetest.launchUrl(Loginpagetest.java:13)
at test.Loginpagetest.launchUrl(Loginpagetest.java:13)
at test.Loginpagetest.launchUrl(Loginpagetest.java:13)
at test.Loginpagetest.launchUrl(Loginpagetest.java:13)
at test.Loginpagetest.launchUrl(Loginpagetest.java:13)
at test.Loginpagetest.launchUrl(Loginpagetest.java:13)
at test.Loginpagetest.launchUrl(Loginpagetest.java:13)
at test.Loginpagetest.launchUrl(Loginpagetest.java:13)
at test.Loginpagetest.launchUrl(Loginpagetest.java:13)
at test.Loginpagetest.launchUrl(Loginpagetest.java:13)
at test.Loginpagetest.launchUrl(Loginpagetest.java:13)
at test.Loginpagetest.launchUrl(Loginpagetest.java:13)
at test.Loginpagetest.launchUrl(Loginpagetest.java:13)
at test.Loginpagetest.launchUrl(Loginpagetest.java:13)
at test.Loginpagetest.launchUrl(Loginpagetest.java:13)
at test.Loginpagetest.launchUrl(Loginpagetest.java:13)
at test.Loginpagetest.launchUrl(Loginpagetest.java:13)
at test.Loginpagetest.launchUrl(Loginpagetest.java:13)
at test.Loginpagetest.launchUrl(Loginpagetest.java:13)
at test.Loginpagetest.launchUrl(Loginpagetest.java:13)
at test.Loginpagetest.launchUrl(Loginpagetest.java:13)
at test.Loginpagetest.launchUrl(Loginpagetest.java:13)
at test.Loginpagetest.launchUrl(Loginpagetest.java:13)
at test.Loginpagetest.launchUrl(Loginpagetest.java:13)
at test.Loginpagetest.launchUrl(Loginpagetest.java:13)
at test.Loginpagetest.launchUrl(Loginpagetest.java:13)
at test.Loginpagetest.launchUrl(Loginpagetest.java:13)
at test.Loginpagetest.launchUrl(Loginpagetest.java:13)
at test.Loginpagetest.launchUrl(Loginpagetest.java:13)
at test.Loginpagetest.launchUrl(Loginpagetest.java:13)
at test.Loginpagetest.launchUrl(Loginpagetest.java:13)
at test.Loginpagetest.launchUrl(Loginpagetest.java:13)
at test.Loginpagetest.launchUrl(Loginpagetest.java:13)
at test.Loginpagetest.launchUrl(Loginpagetest.java:13)
at test.Loginpagetest.launchUrl(Loginpagetest.java:13)
at test.Loginpagetest.launchUrl(Loginpagetest.java:13)
at test.Loginpagetest.launchUrl(Loginpagetest.java:13)
at test.Loginpagetest.launchUrl(Loginpagetest.java:13)
at test.Loginpagetest.launchUrl(Loginpagetest.java:13)
at test.Loginpagetest.launchUrl(Loginpagetest.java:13)
at test.Loginpagetest.launchUrl(Loginpagetest.java:13)
at test.Loginpagetest.launchUrl(Loginpagetest.java:13)
at test.Loginpagetest.launchUrl(Loginpagetest.java:13)
at test.Loginpagetest.launchUrl(Loginpagetest.java:13)
at test.Loginpagetest.launchUrl(Loginpagetest.java:13)
at test.Loginpagetest.launchUrl(Loginpagetest.java:13)
at test.Loginpagetest.launchUrl(Loginpagetest.java:13)
at test.Loginpagetest.launchUrl(Loginpagetest.java:13)
at test.Loginpagetest.launchUrl(Loginpagetest.java:13)
at test.Loginpagetest.launchUrl(Loginpagetest.java:13)
at test.Loginpagetest.launchUrl(Loginpagetest.java:13)
at test.Loginpagetest.launchUrl(Loginpagetest.java:13)
at test.Loginpagetest.launchUrl(Loginpagetest.java:13)
at test.Loginpagetest.launchUrl(Loginpagetest.java:13)
at test.Loginpagetest.launchUrl(Loginpagetest.java:13)
at test.Loginpagetest.launchUrl(Loginpagetest.java:13)
at test.Loginpagetest.launchUrl(Loginpagetest.java:13)
at test.Loginpagetest.launchUrl(Loginpagetest.java:13)
at test.Loginpagetest.launchUrl(Loginpagetest.java:13)
at test.Loginpagetest.launchUrl(Loginpagetest.java:13)
at test.Loginpagetest.launchUrl(Loginpagetest.java:13)
at test.Loginpagetest.launchUrl(Loginpagetest.java:13)
at test.Loginpagetest.launchUrl(Loginpagetest.java:13)
at test.Loginpagetest.launchUrl(Loginpagetest.java:13)
at test.Loginpagetest.launchUrl(Loginpagetest.java:13)
at test.Loginpagetest.launchUrl(Loginpagetest.java:13)
at test.Loginpagetest.launchUrl(Loginpagetest.java:13)
at test.Loginpagetest.launchUrl(Loginpagetest.java:13)
at test.Loginpagetest.launchUrl(Loginpagetest.java:13)
at test.Loginpagetest.launchUrl(Loginpagetest.java:13)
at test.Loginpagetest.launchUrl(Loginpagetest.java:13)
at test.Loginpagetest.launchUrl(Loginpagetest.java:13)
at test.Loginpagetest.launchUrl(Loginpagetest.java:13)
at test.Loginpagetest.launchUrl(Loginpagetest.java:13)
at test.Loginpagetest.launchUrl(Loginpagetest.java:13)
at test.Loginpagetest.launchUrl(Loginpagetest.java:13)
at test.Loginpagetest.launchUrl(Loginpagetest.java:13)
at test.Loginpagetest.launchUrl(Loginpagetest.java:13)
at test.Loginpagetest.launchUrl(Loginpagetest.java:13)
at test.Loginpagetest.launchUrl(Loginpagetest.java:13)
at test.Loginpagetest.launchUrl(Loginpagetest.java:13)
at test.Loginpagetest.launchUrl(Loginpagetest.java:13)
at test.Loginpagetest.launchUrl(Loginpagetest.java:13)
at test.Loginpagetest.launchUrl(Loginpagetest.java:13)
at test.Loginpagetest.launchUrl(Loginpagetest.java:13)
at test.Loginpagetest.launchUrl(Loginpagetest.java:13)
at test.Loginpagetest.launchUrl(Loginpagetest.java:13)
at test.Loginpagetest.launchUrl(Loginpagetest.java:13)
at test.Loginpagetest.launchUrl(Loginpagetest.java:13)
at test.Loginpagetest.launchUrl(Loginpagetest.java:13)
at test.Loginpagetest.launchUrl(Loginpagetest.java:13)
at test.Loginpagetest.launchUrl(Loginpagetest.java:13)
at test.Loginpagetest.launchUrl(Loginpagetest.java:13)
at test.Loginpagetest.launchUrl(Loginpagetest.java:13)
at test.Loginpagetest.launchUrl(Loginpagetest.java:13)
at test.Loginpagetest.launchUrl(Loginpagetest.java:13)
at test.Loginpagetest.launchUrl(Loginpagetest.java:13)
at test.Loginpagetest.launchUrl(Loginpagetest.java:13)
at test.Loginpagetest.launchUrl(Loginpagetest.java:13)
at test.Loginpagetest.launchUrl(Loginpagetest.java:13)
at test.Loginpagetest.launchUrl(Loginpagetest.java:13)
at test.Loginpagetest.launchUrl(Loginpagetest.java:13)
at test.Loginpagetest.launchUrl(Loginpagetest.java:13)
at test.Loginpagetest.launchUrl(Loginpagetest.java:13)
at test.Loginpagetest.launchUrl(Loginpagetest.java:13)
at test.Loginpagetest.launchUrl(Loginpagetest.java:13)
at test.Loginpagetest.launchUrl(Loginpagetest.java:13)
at test.Loginpagetest.launchUrl(Loginpagetest.java:13)
at test.Loginpagetest.launchUrl(Loginpagetest.java:13)
at test.Loginpagetest.launchUrl(Loginpagetest.java:13)
at test.Loginpagetest.launchUrl(Loginpagetest.java:13)
at test.Loginpagetest.launchUrl(Loginpagetest.java:13)
at test.Loginpagetest.launchUrl(Loginpagetest.java:13)
at test.Loginpagetest.launchUrl(Loginpagetest.java:13)
at test.Loginpagetest.launchUrl(Loginpagetest.java:13)
at test.Loginpagetest.launchUrl(Loginpagetest.java:13)
at test.Loginpagetest.launchUrl(Loginpagetest.java:13)
at test.Loginpagetest.launchUrl(Loginpagetest.java:13)
at test.Loginpagetest.launchUrl(Loginpagetest.java:13)
at test.Loginpagetest.launchUrl(Loginpagetest.java:13)
at test.Loginpagetest.launchUrl(Loginpagetest.java:13)
at test.Loginpagetest.launchUrl(Loginpagetest.java:13)
at test.Loginpagetest.launchUrl(Loginpagetest.java:13)
at test.Loginpagetest.launchUrl(Loginpagetest.java:13)
at test.Loginpagetest.launchUrl(Loginpagetest.java:13)
at test.Loginpagetest.launchUrl(Loginpagetest.java:13)
at test.Loginpagetest.launchUrl(Loginpagetest.java:13)
at test.Loginpagetest.launchUrl(Loginpagetest.java:13)
at test.Loginpagetest.launchUrl(Loginpagetest.java:13)
at test.Loginpagetest.launchUrl(Loginpagetest.java:13)
at test.Loginpagetest.launchUrl(Loginpagetest.java:13)
at test.Loginpagetest.launchUrl(Loginpagetest.java:13)
at test.Loginpagetest.launchUrl(Loginpagetest.java:13)
at test.Loginpagetest.launchUrl(Loginpagetest.java:13)
at test.Loginpagetest.launchUrl(Loginpagetest.java:13)
at test.Loginpagetest.launchUrl(Loginpagetest.java:13)
at test.Loginpagetest.launchUrl(Loginpagetest.java:13)
at test.Loginpagetest.launchUrl(Loginpagetest.java:13)
at test.Loginpagetest.launchUrl(Loginpagetest.java:13)
at test.Loginpagetest.launchUrl(Loginpagetest.java:13)
at test.Loginpagetest.launchUrl(Loginpagetest.java:13)
at test.Loginpagetest.launchUrl(Loginpagetest.java:13)
at test.Loginpagetest.launchUrl(Loginpagetest.java:13)
at test.Loginpagetest.launchUrl(Loginpagetest.java:13)
at test.Loginpagetest.launchUrl(Loginpagetest.java:13)
at test.Loginpagetest.launchUrl(Loginpagetest.java:13)
at test.Loginpagetest.launchUrl(Loginpagetest.java:13)
at test.Loginpagetest.launchUrl(Loginpagetest.java:13)
at test.Loginpagetest.launchUrl(Loginpagetest.java:13)
at test.Loginpagetest.launchUrl(Loginpagetest.java:13)
at test.Loginpagetest.launchUrl(Loginpagetest.java:13)
at test.Loginpagetest.launchUrl(Loginpagetest.java:13)
at test.Loginpagetest.launchUrl(Loginpagetest.java:13)
at test.Loginpagetest.launchUrl(Loginpagetest.java:13)
at test.Loginpagetest.launchUrl(Loginpagetest.java:13)
at test.Loginpagetest.launchUrl(Loginpagetest.java:13)
at test.Loginpagetest.launchUrl(Loginpagetest.java:13)
at test.Loginpagetest.launchUrl(Loginpagetest.java:13)
at test.Loginpagetest.launchUrl(Loginpagetest.java:13)
at test.Loginpagetest.launchUrl(Loginpagetest.java:13)
at test.Loginpagetest.launchUrl(Loginpagetest.java:13)
at test.Loginpagetest.launchUrl(Loginpagetest.java:13)
at test.Loginpagetest.launchUrl(Loginpagetest.java:13)
at test.Loginpagetest.launchUrl(Loginpagetest.java:13)
at test.Loginpagetest.launchUrl(Loginpagetest.java:13)
at test.Loginpagetest.launchUrl(Loginpagetest.java:13)
at test.Loginpagetest.launchUrl(Loginpagetest.java:13)
at test.Loginpagetest.launchUrl(Loginpagetest.java:13)
at test.Loginpagetest.launchUrl(Loginpagetest.java:13)
at test.Loginpagetest.launchUrl(Loginpagetest.java:13)
at test.Loginpagetest.launchUrl(Loginpagetest.java:13)
at test.Loginpagetest.launchUrl(Loginpagetest.java:13)
at test.Loginpagetest.launchUrl(Loginpagetest.java:13)
at test.Loginpagetest.launchUrl(Loginpagetest.java:13)
at test.Loginpagetest.launchUrl(Loginpagetest.java:13)
at test.Loginpagetest.launchUrl(Loginpagetest.java:13)
at test.Loginpagetest.launchUrl(Loginpagetest.java:13)
at test.Loginpagetest.launchUrl(Loginpagetest.java:13)
at test.Loginpagetest.launchUrl(Loginpagetest.java:13)
at test.Loginpagetest.launchUrl(Loginpagetest.java:13)
at test.Loginpagetest.launchUrl(Loginpagetest.java:13)
at test.Loginpagetest.launchUrl(Loginpagetest.java:13)
at test.Loginpagetest.launchUrl(Loginpagetest.java:13)
at test.Loginpagetest.launchUrl(Loginpagetest.java:13)
at test.Loginpagetest.launchUrl(Loginpagetest.java:13)
at test.Loginpagetest.launchUrl(Loginpagetest.java:13)
at test.Loginpagetest.launchUrl(Loginpagetest.java:13)
at test.Loginpagetest.launchUrl(Loginpagetest.java:13)
at test.Loginpagetest.launchUrl(Loginpagetest.java:13)
at test.Loginpagetest.launchUrl(Loginpagetest.java:13)
at test.Loginpagetest.launchUrl(Loginpagetest.java:13)
at test.Loginpagetest.launchUrl(Loginpagetest.java:13)
at test.Loginpagetest.launchUrl(Loginpagetest.java:13)
at test.Loginpagetest.launchUrl(Loginpagetest.java:13)
at test.Loginpagetest.launchUrl(Loginpagetest.java:13)
at test.Loginpagetest.launchUrl(Loginpagetest.java:13)
at test.Loginpagetest.launchUrl(Loginpagetest.java:13)
at test.Loginpagetest.launchUrl(Loginpagetest.java:13)
at test.Loginpagetest.launchUrl(Loginpagetest.java:13)
at test.Loginpagetest.launchUrl(Loginpagetest.java:13)
at test.Loginpagetest.launchUrl(Loginpagetest.java:13)
at test.Loginpagetest.launchUrl(Loginpagetest.java:13)
at test.Loginpagetest.launchUrl(Loginpagetest.java:13)
at test.Loginpagetest.launchUrl(Loginpagetest.java:13)
at test.Loginpagetest.launchUrl(Loginpagetest.java:13)
at test.Loginpagetest.launchUrl(Loginpagetest.java:13)
at test.Loginpagetest.launchUrl(Loginpagetest.java:13)
at test.Loginpagetest.launchUrl(Loginpagetest.java:13)
at test.Loginpagetest.launchUrl(Loginpagetest.java:13)
at test.Loginpagetest.launchUrl(Loginpagetest.java:13)
at test.Loginpagetest.launchUrl(Loginpagetest.java:13)
at test.Loginpagetest.launchUrl(Loginpagetest.java:13)
at test.Loginpagetest.launchUrl(Loginpagetest.java:13)
at test.Loginpagetest.launchUrl(Loginpagetest.java:13)
at test.Loginpagetest.launchUrl(Loginpagetest.java:13)
at test.Loginpagetest.launchUrl(Loginpagetest.java:13)
at test.Loginpagetest.launchUrl(Loginpagetest.java:13)
at test.Loginpagetest.launchUrl(Loginpagetest.java:13)
at test.Loginpagetest.launchUrl(Loginpagetest.java:13)
at test.Loginpagetest.launchUrl(Loginpagetest.java:13)
at test.Loginpagetest.launchUrl(Loginpagetest.java:13)
at test.Loginpagetest.launchUrl(Loginpagetest.java:13)
at test.Loginpagetest.launchUrl(Loginpagetest.java:13)
at test.Loginpagetest.launchUrl(Loginpagetest.java:13)
at test.Loginpagetest.launchUrl(Loginpagetest.java:13)
at test.Loginpagetest.launchUrl(Loginpagetest.java:13)
at test.Loginpagetest.launchUrl(Loginpagetest.java:13)
at test.Loginpagetest.launchUrl(Loginpagetest.java:13)
at test.Loginpagetest.launchUrl(Loginpagetest.java:13)
at test.Loginpagetest.launchUrl(Loginpagetest.java:13)
at test.Loginpagetest.launchUrl(Loginpagetest.java:13)
at test.Loginpagetest.launchUrl(Loginpagetest.java:13)
at test.Loginpagetest.launchUrl(Loginpagetest.java:13)
at test.Loginpagetest.launchUrl(Loginpagetest.java:13)
at test.Loginpagetest.launchUrl(Loginpagetest.java:13)
at test.Loginpagetest.launchUrl(Loginpagetest.java:13)
at test.Loginpagetest.launchUrl(Loginpagetest.java:13)
at test.Loginpagetest.launchUrl(Loginpagetest.java:13)
at test.Loginpagetest.launchUrl(Loginpagetest.java:13)
at test.Loginpagetest.launchUrl(Loginpagetest.java:13)
at test.Loginpagetest.launchUrl(Loginpagetest.java:13)
at test.Loginpagetest.launchUrl(Loginpagetest.java:13)
at test.Loginpagetest.launchUrl(Loginpagetest.java:13)
at test.Loginpagetest.launchUrl(Loginpagetest.java:13)
at test.Loginpagetest.launchUrl(Loginpagetest.java:13)
at test.Loginpagetest.launchUrl(Loginpagetest.java:13)
at test.Loginpagetest.launchUrl(Loginpagetest.java:13)
at test.Loginpagetest.launchUrl(Loginpagetest.java:13)
at test.Loginpagetest.launchUrl(Loginpagetest.java:13)
at test.Loginpagetest.launchUrl(Loginpagetest.java:13)
at test.Loginpagetest.launchUrl(Loginpagetest.java:13)
at test.Loginpagetest.launchUrl(Loginpagetest.java:13)
at test.Loginpagetest.launchUrl(Loginpagetest.java:13)
at test.Loginpagetest.launchUrl(Loginpagetest.java:13)
at test.Loginpagetest.launchUrl(Loginpagetest.java:13)
at test.Loginpagetest.launchUrl(Loginpagetest.java:13)
at test.Loginpagetest.launchUrl(Loginpagetest.java:13)
at test.Loginpagetest.launchUrl(Loginpagetest.java:13)
at test.Loginpagetest.launchUrl(Loginpagetest.java:13)
at test.Loginpagetest.launchUrl(Loginpagetest.java:13)
at test.Loginpagetest.launchUrl(Loginpagetest.java:13)
at test.Loginpagetest.launchUrl(Loginpagetest.java:13)
at test.Loginpagetest.launchUrl(Loginpagetest.java:13)
at test.Loginpagetest.launchUrl(Loginpagetest.java:13)
at test.Loginpagetest.launchUrl(Loginpagetest.java:13)
at test.Loginpagetest.launchUrl(Loginpagetest.java:13)
at test.Loginpagetest.launchUrl(Loginpagetest.java:13)
at test.Loginpagetest.launchUrl(Loginpagetest.java:13)
at test.Loginpagetest.launchUrl(Loginpagetest.java:13)
at test.Loginpagetest.launchUrl(Loginpagetest.java:13)
at test.Loginpagetest.launchUrl(Loginpagetest.java:13)
at test.Loginpagetest.launchUrl(Loginpagetest.java:13)
at test.Loginpagetest.launchUrl(Loginpagetest.java:13)
at test.Loginpagetest.launchUrl(Loginpagetest.java:13)
at test.Loginpagetest.launchUrl(Loginpagetest.java:13)
at test.Loginpagetest.launchUrl(Loginpagetest.java:13)
at test.Loginpagetest.launchUrl(Loginpagetest.java:13)
at test.Loginpagetest.launchUrl(Loginpagetest.java:13)
at test.Loginpagetest.launchUrl(Loginpagetest.java:13)
at test.Loginpagetest.launchUrl(Loginpagetest.java:13)
at test.Loginpagetest.launchUrl(Loginpagetest.java:13)
at test.Loginpagetest.launchUrl(Loginpagetest.java:13)
at test.Loginpagetest.launchUrl(Loginpagetest.java:13)
at test.Loginpagetest.launchUrl(Loginpagetest.java:13)
at test.Loginpagetest.launchUrl(Loginpagetest.java:13)
at test.Loginpagetest.launchUrl(Loginpagetest.java:13)
at test.Loginpagetest.launchUrl(Loginpagetest.java:13)
at test.Loginpagetest.launchUrl(Loginpagetest.java:13)
at test.Loginpagetest.launchUrl(Loginpagetest.java:13)
at test.Loginpagetest.launchUrl(Loginpagetest.java:13)
at test.Loginpagetest.launchUrl(Loginpagetest.java:13)
at test.Loginpagetest.launchUrl(Loginpagetest.java:13)
at test.Loginpagetest.launchUrl(Loginpagetest.java:13)
at test.Loginpagetest.launchUrl(Loginpagetest.java:13)
at test.Loginpagetest.launchUrl(Loginpagetest.java:13)
at test.Loginpagetest.launchUrl(Loginpagetest.java:13)
at test.Loginpagetest.launchUrl(Loginpagetest.java:13)
at test.Loginpagetest.launchUrl(Loginpagetest.java:13)
at test.Loginpagetest.launchUrl(Loginpagetest.java:13)
at test.Loginpagetest.launchUrl(Loginpagetest.java:13)
at test.Loginpagetest.launchUrl(Loginpagetest.java:13)
at test.Loginpagetest.launchUrl(Loginpagetest.java:13)
at test.Loginpagetest.launchUrl(Loginpagetest.java:13)
at test.Loginpagetest.launchUrl(Loginpagetest.java:13)
at test.Loginpagetest.launchUrl(Loginpagetest.java:13)
at test.Loginpagetest.launchUrl(Loginpagetest.java:13)
at test.Loginpagetest.launchUrl(Loginpagetest.java:13)
at test.Loginpagetest.launchUrl(Loginpagetest.java:13)
at test.Loginpagetest.launchUrl(Loginpagetest.java:13)
at test.Loginpagetest.launchUrl(Loginpagetest.java:13)
at test.Loginpagetest.launchUrl(Loginpagetest.java:13)
at test.Loginpagetest.launchUrl(Loginpagetest.java:13)
at test.Loginpagetest.launchUrl(Loginpagetest.java:13)
at test.Loginpagetest.launchUrl(Loginpagetest.java:13)
at test.Loginpagetest.launchUrl(Loginpagetest.java:13)
at test.Loginpagetest.launchUrl(Loginpagetest.java:13)
at test.Loginpagetest.launchUrl(Loginpagetest.java:13)
at test.Loginpagetest.launchUrl(Loginpagetest.java:13)
at test.Loginpagetest.launchUrl(Loginpagetest.java:13)
at test.Loginpagetest.launchUrl(Loginpagetest.java:13)
at test.Loginpagetest.launchUrl(Loginpagetest.java:13)
at test.Loginpagetest.launchUrl(Loginpagetest.java:13)
at test.Loginpagetest.launchUrl(Loginpagetest.java:13)
at test.Loginpagetest.launchUrl(Loginpagetest.java:13)
at test.Loginpagetest.launchUrl(Loginpagetest.java:13)
at test.Loginpagetest.launchUrl(Loginpagetest.java:13)
at test.Loginpagetest.launchUrl(Loginpagetest.java:13)
at test.Loginpagetest.launchUrl(Loginpagetest.java:13)
at test.Loginpagetest.launchUrl(Loginpagetest.java:13)
at test.Loginpagetest.launchUrl(Loginpagetest.java:13)
at test.Loginpagetest.launchUrl(Loginpagetest.java:13)
at test.Loginpagetest.launchUrl(Loginpagetest.java:13)
at test.Loginpagetest.launchUrl(Loginpagetest.java:13)
at test.Loginpagetest.launchUrl(Loginpagetest.java:13)
at test.Loginpagetest.launchUrl(Loginpagetest.java:13)
at test.Loginpagetest.launchUrl(Loginpagetest.java:13)
at test.Loginpagetest.launchUrl(Loginpagetest.java:13)
at test.Loginpagetest.launchUrl(Loginpagetest.java:13)
at test.Loginpagetest.launchUrl(Loginpagetest.java:13)
at test.Loginpagetest.launchUrl(Loginpagetest.java:13)
at test.Loginpagetest.launchUrl(Loginpagetest.java:13)
at test.Loginpagetest.launchUrl(Loginpagetest.java:13)
at test.Loginpagetest.launchUrl(Loginpagetest.java:13)
at test.Loginpagetest.launchUrl(Loginpagetest.java:13)
at test.Loginpagetest.launchUrl(Loginpagetest.java:13)
at test.Loginpagetest.launchUrl(Loginpagetest.java:13)
at test.Loginpagetest.launchUrl(Loginpagetest.java:13)
at test.Loginpagetest.launchUrl(Loginpagetest.java:13)
at test.Loginpagetest.launchUrl(Loginpagetest.java:13)
at test.Loginpagetest.launchUrl(Loginpagetest.java:13)
at test.Loginpagetest.launchUrl(Loginpagetest.java:13)
at test.Loginpagetest.launchUrl(Loginpagetest.java:13)
at test.Loginpagetest.launchUrl(Loginpagetest.java:13)
at test.Loginpagetest.launchUrl(Loginpagetest.java:13)
at test.Loginpagetest.launchUrl(Loginpagetest.java:13)
at test.Loginpagetest.launchUrl(Loginpagetest.java:13)
at test.Loginpagetest.launchUrl(Loginpagetest.java:13)
at test.Loginpagetest.launchUrl(Loginpagetest.java:13)
at test.Loginpagetest.launchUrl(Loginpagetest.java:13)
at test.Loginpagetest.launchUrl(Loginpagetest.java:13)
at test.Loginpagetest.launchUrl(Loginpagetest.java:13)
at test.Loginpagetest.launchUrl(Loginpagetest.java:13)
at test.Loginpagetest.launchUrl(Loginpagetest.java:13)
at test.Loginpagetest.launchUrl(Loginpagetest.java:13)
at test.Loginpagetest.launchUrl(Loginpagetest.java:13)
at test.Loginpagetest.launchUrl(Loginpagetest.java:13)
at test.Loginpagetest.launchUrl(Loginpagetest.java:13)
at test.Loginpagetest.launchUrl(Loginpagetest.java:13)
at test.Loginpagetest.launchUrl(Loginpagetest.java:13)
at test.Loginpagetest.launchUrl(Loginpagetest.java:13)
at test.Loginpagetest.launchUrl(Loginpagetest.java:13)
at test.Loginpagetest.launchUrl(Loginpagetest.java:13)
at test.Loginpagetest.launchUrl(Loginpagetest.java:13)
at test.Loginpagetest.launchUrl(Loginpagetest.java:13)
at test.Loginpagetest.launchUrl(Loginpagetest.java:13)
at test.Loginpagetest.launchUrl(Loginpagetest.java:13)
at test.Loginpagetest.launchUrl(Loginpagetest.java:13)
at test.Loginpagetest.launchUrl(Loginpagetest.java:13)
at test.Loginpagetest.launchUrl(Loginpagetest.java:13)
at test.Loginpagetest.launchUrl(Loginpagetest.java:13)
at test.Loginpagetest.launchUrl(Loginpagetest.java:13)
at test.Loginpagetest.launchUrl(Loginpagetest.java:13)
at test.Loginpagetest.launchUrl(Loginpagetest.java:13)
at test.Loginpagetest.launchUrl(Loginpagetest.java:13)
at test.Loginpagetest.launchUrl(Loginpagetest.java:13)
at test.Loginpagetest.launchUrl(Loginpagetest.java:13)
at test.Loginpagetest.launchUrl(Loginpagetest.java:13)
at test.Loginpagetest.launchUrl(Loginpagetest.java:13)
at test.Loginpagetest.launchUrl(Loginpagetest.java:13)
at test.Loginpagetest.launchUrl(Loginpagetest.java:13)
at test.Loginpagetest.launchUrl(Loginpagetest.java:13)
at test.Loginpagetest.launchUrl(Loginpagetest.java:13)
at test.Loginpagetest.launchUrl(Loginpagetest.java:13)
at test.Loginpagetest.launchUrl(Loginpagetest.java:13)
at test.Loginpagetest.launchUrl(Loginpagetest.java:13)
at test.Loginpagetest.launchUrl(Loginpagetest.java:13)
at test.Loginpagetest.launchUrl(Loginpagetest.java:13)
at test.Loginpagetest.launchUrl(Loginpagetest.java:13)
at test.Loginpagetest.launchUrl(Loginpagetest.java:13)
at test.Loginpagetest.launchUrl(Loginpagetest.java:13)
at test.Loginpagetest.launchUrl(Loginpagetest.java:13)
at test.Loginpagetest.launchUrl(Loginpagetest.java:13)
at test.Loginpagetest.launchUrl(Loginpagetest.java:13)
at test.Loginpagetest.launchUrl(Loginpagetest.java:13)
at test.Loginpagetest.launchUrl(Loginpagetest.java:13)
at test.Loginpagetest.launchUrl(Loginpagetest.java:13)
at test.Loginpagetest.launchUrl(Loginpagetest.java:13)
at test.Loginpagetest.launchUrl(Loginpagetest.java:13)
at test.Loginpagetest.launchUrl(Loginpagetest.java:13)
at test.Loginpagetest.launchUrl(Loginpagetest.java:13)
at test.Loginpagetest.launchUrl(Loginpagetest.java:13)
at test.Loginpagetest.launchUrl(Loginpagetest.java:13)
at test.Loginpagetest.launchUrl(Loginpagetest.java:13)
at test.Loginpagetest.launchUrl(Loginpagetest.java:13)
at test.Loginpagetest.launchUrl(Loginpagetest.java:13)
at test.Loginpagetest.launchUrl(Loginpagetest.java:13)
at test.Loginpagetest.launchUrl(Loginpagetest.java:13)
at test.Loginpagetest.launchUrl(Loginpagetest.java:13)
at test.Loginpagetest.launchUrl(Loginpagetest.java:13)
at test.Loginpagetest.launchUrl(Loginpagetest.java:13)
at test.Loginpagetest.launchUrl(Loginpagetest.java:13)
at test.Loginpagetest.launchUrl(Loginpagetest.java:13)
at test.Loginpagetest.launchUrl(Loginpagetest.java:13)
at test.Loginpagetest.launchUrl(Loginpagetest.java:13)
at test.Loginpagetest.launchUrl(Loginpagetest.java:13)
at test.Loginpagetest.launchUrl(Loginpagetest.java:13)
at test.Loginpagetest.launchUrl(Loginpagetest.java:13)
at test.Loginpagetest.launchUrl(Loginpagetest.java:13)
at test.Loginpagetest.launchUrl(Loginpagetest.java:13)
at test.Loginpagetest.launchUrl(Loginpagetest.java:13)
at test.Loginpagetest.launchUrl(Loginpagetest.java:13)
at test.Loginpagetest.launchUrl(Loginpagetest.java:13)
at test.Loginpagetest.launchUrl(Loginpagetest.java:13)
at test.Loginpagetest.launchUrl(Loginpagetest.java:13)
at test.Loginpagetest.launchUrl(Loginpagetest.java:13)
at test.Loginpagetest.launchUrl(Loginpagetest.java:13)
at test.Loginpagetest.launchUrl(Loginpagetest.java:13)
at test.Loginpagetest.launchUrl(Loginpagetest.java:13)
at test.Loginpagetest.launchUrl(Loginpagetest.java:13)
at test.Loginpagetest.launchUrl(Loginpagetest.java:13)
at test.Loginpagetest.launchUrl(Loginpagetest.java:13)
at test.Loginpagetest.launchUrl(Loginpagetest.java:13)
at test.Loginpagetest.launchUrl(Loginpagetest.java:13)
at test.Loginpagetest.launchUrl(Loginpagetest.java:13)
at test.Loginpagetest.launchUrl(Loginpagetest.java:13)
at test.Loginpagetest.launchUrl(Loginpagetest.java:13)
at test.Loginpagetest.launchUrl(Loginpagetest.java:13)
at test.Loginpagetest.launchUrl(Loginpagetest.java:13)
at test.Loginpagetest.launchUrl(Loginpagetest.java:13)
at test.Loginpagetest.launchUrl(Loginpagetest.java:13)
at test.Loginpagetest.launchUrl(Loginpagetest.java:13)
at test.Loginpagetest.launchUrl(Loginpagetest.java:13)
at test.Loginpagetest.launchUrl(Loginpagetest.java:13)
at test.Loginpagetest.launchUrl(Loginpagetest.java:13)
at test.Loginpagetest.launchUrl(Loginpagetest.java:13)
at test.Loginpagetest.launchUrl(Loginpagetest.java:13)
at test.Loginpagetest.launchUrl(Loginpagetest.java:13)
at test.Loginpagetest.launchUrl(Loginpagetest.java:13)
at test.Loginpagetest.launchUrl(Loginpagetest.java:13)
at test.Loginpagetest.launchUrl(Loginpagetest.java:13)
at test.Loginpagetest.launchUrl(Loginpagetest.java:13)
at test.Loginpagetest.launchUrl(Loginpagetest.java:13)
at test.Loginpagetest.launchUrl(Loginpagetest.java:13)
at test.Loginpagetest.launchUrl(Loginpagetest.java:13)
at test.Loginpagetest.launchUrl(Loginpagetest.java:13)
at test.Loginpagetest.launchUrl(Loginpagetest.java:13)
at test.Loginpagetest.launchUrl(Loginpagetest.java:13)
at test.Loginpagetest.launchUrl(Loginpagetest.java:13)
at test.Loginpagetest.launchUrl(Loginpagetest.java:13)
at test.Loginpagetest.launchUrl(Loginpagetest.java:13)
at test.Loginpagetest.launchUrl(Loginpagetest.java:13)
at test.Loginpagetest.launchUrl(Loginpagetest.java:13)
at test.Loginpagetest.launchUrl(Loginpagetest.java:13)
at test.Loginpagetest.launchUrl(Loginpagetest.java:13)
at test.Loginpagetest.launchUrl(Loginpagetest.java:13)
at test.Loginpagetest.launchUrl(Loginpagetest.java:13)
at test.Loginpagetest.launchUrl(Loginpagetest.java:13)
at test.Loginpagetest.launchUrl(Loginpagetest.java:13)
at test.Loginpagetest.launchUrl(Loginpagetest.java:13)
at test.Loginpagetest.launchUrl(Loginpagetest.java:13)
at test.Loginpagetest.launchUrl(Loginpagetest.java:13)
at test.Loginpagetest.launchUrl(Loginpagetest.java:13)
at test.Loginpagetest.launchUrl(Loginpagetest.java:13)
at test.Loginpagetest.launchUrl(Loginpagetest.java:13)
at test.Loginpagetest.launchUrl(Loginpagetest.java:13)
at test.Loginpagetest.launchUrl(Loginpagetest.java:13)
at test.Loginpagetest.launchUrl(Loginpagetest.java:13)
at test.Loginpagetest.launchUrl(Loginpagetest.java:13)
at test.Loginpagetest.launchUrl(Loginpagetest.java:13)
at test.Loginpagetest.launchUrl(Loginpagetest.java:13)
at test.Loginpagetest.launchUrl(Loginpagetest.java:13)
at test.Loginpagetest.launchUrl(Loginpagetest.java:13)
at test.Loginpagetest.launchUrl(Loginpagetest.java:13)
at test.Loginpagetest.launchUrl(Loginpagetest.java:13)
at test.Loginpagetest.launchUrl(Loginpagetest.java:13)
at test.Loginpagetest.launchUrl(Loginpagetest.java:13)
at test.Loginpagetest.launchUrl(Loginpagetest.java:13)
at test.Loginpagetest.launchUrl(Loginpagetest.java:13)
at test.Loginpagetest.launchUrl(Loginpagetest.java:13)
at test.Loginpagetest.launchUrl(Loginpagetest.java:13)
at test.Loginpagetest.launchUrl(Loginpagetest.java:13)
at test.Loginpagetest.launchUrl(Loginpagetest.java:13)
at test.Loginpagetest.launchUrl(Loginpagetest.java:13)
at test.Loginpagetest.launchUrl(Loginpagetest.java:13)
at test.Loginpagetest.launchUrl(Loginpagetest.java:13)
at test.Loginpagetest.launchUrl(Loginpagetest.java:13)
at test.Loginpagetest.launchUrl(Loginpagetest.java:13)
at test.Loginpagetest.launchUrl(Loginpagetest.java:13)
at test.Loginpagetest.launchUrl(Loginpagetest.java:13)
at test.Loginpagetest.launchUrl(Loginpagetest.java:13)
at test.Loginpagetest.launchUrl(Loginpagetest.java:13)
at test.Loginpagetest.launchUrl(Loginpagetest.java:13)
at test.Loginpagetest.launchUrl(Loginpagetest.java:13)
at test.Loginpagetest.launchUrl(Loginpagetest.java:13)
at test.Loginpagetest.launchUrl(Loginpagetest.java:13)
at test.Loginpagetest.launchUrl(Loginpagetest.java:13)
at test.Loginpagetest.launchUrl(Loginpagetest.java:13)
at test.Loginpagetest.launchUrl(Loginpagetest.java:13)
at test.Loginpagetest.launchUrl(Loginpagetest.java:13)
at test.Loginpagetest.launchUrl(Loginpagetest.java:13)
at test.Loginpagetest.launchUrl(Loginpagetest.java:13)
at test.Loginpagetest.launchUrl(Loginpagetest.java:13)
at test.Loginpagetest.launchUrl(Loginpagetest.java:13)
at test.Loginpagetest.launchUrl(Loginpagetest.java:13)
at test.Loginpagetest.launchUrl(Loginpagetest.java:13)
at test.Loginpagetest.launchUrl(Loginpagetest.java:13)
at test.Loginpagetest.launchUrl(Loginpagetest.java:13)
at test.Loginpagetest.launchUrl(Loginpagetest.java:13)
at test.Loginpagetest.launchUrl(Loginpagetest.java:13)
at test.Loginpagetest.launchUrl(Loginpagetest.java:13)
at test.Loginpagetest.launchUrl(Loginpagetest.java:13)
at test.Loginpagetest.launchUrl(Loginpagetest.java:13)
at test.Loginpagetest.launchUrl(Loginpagetest.java:13)
at test.Loginpagetest.launchUrl(Loginpagetest.java:13)
at test.Loginpagetest.launchUrl(Loginpagetest.java:13)
at test.Loginpagetest.launchUrl(Loginpagetest.java:13)
at test.Loginpagetest.launchUrl(Loginpagetest.java:13)
at test.Loginpagetest.launchUrl(Loginpagetest.java:13)
at test.Loginpagetest.launchUrl(Loginpagetest.java:13)
at test.Loginpagetest.launchUrl(Loginpagetest.java:13)
at test.Loginpagetest.launchUrl(Loginpagetest.java:13)
at test.Loginpagetest.launchUrl(Loginpagetest.java:13)
at test.Loginpagetest.launchUrl(Loginpagetest.java:13)
at test.Loginpagetest.launchUrl(Loginpagetest.java:13)
at test.Loginpagetest.launchUrl(Loginpagetest.java:13)
at test.Loginpagetest.launchUrl(Loginpagetest.java:13)
at test.Loginpagetest.launchUrl(Loginpagetest.java:13)
at test.Loginpagetest.launchUrl(Loginpagetest.java:13)
at test.Loginpagetest.launchUrl(Loginpagetest.java:13)
at test.Loginpagetest.launchUrl(Loginpagetest.java:13)
at test.Loginpagetest.launchUrl(Loginpagetest.java:13)
at test.Loginpagetest.launchUrl(Loginpagetest.java:13)
at test.Loginpagetest.launchUrl(Loginpagetest.java:13)
at test.Loginpagetest.launchUrl(Loginpagetest.java:13)
at test.Loginpagetest.launchUrl(Loginpagetest.java:13)
at test.Loginpagetest.launchUrl(Loginpagetest.java:13)
at test.Loginpagetest.launchUrl(Loginpagetest.java:13)
at test.Loginpagetest.launchUrl(Loginpagetest.java:13)
at test.Loginpagetest.launchUrl(Loginpagetest.java:13)
at test.Loginpagetest.launchUrl(Loginpagetest.java:13)
at test.Loginpagetest.launchUrl(Loginpagetest.java:13)
at test.Loginpagetest.launchUrl(Loginpagetest.java:13)
at test.Loginpagetest.launchUrl(Loginpagetest.java:13)
at test.Loginpagetest.launchUrl(Loginpagetest.java:13)
at test.Loginpagetest.launchUrl(Loginpagetest.java:13)
at test.Loginpagetest.launchUrl(Loginpagetest.java:13)
at test.Loginpagetest.launchUrl(Loginpagetest.java:13)
at test.Loginpagetest.launchUrl(Loginpagetest.java:13)
at test.Loginpagetest.launchUrl(Loginpagetest.java:13)
at test.Loginpagetest.launchUrl(Loginpagetest.java:13)
at test.Loginpagetest.launchUrl(Loginpagetest.java:13)
at test.Loginpagetest.launchUrl(Loginpagetest.java:13)
at test.Loginpagetest.launchUrl(Loginpagetest.java:13)
at test.Loginpagetest.launchUrl(Loginpagetest.java:13)
at test.Loginpagetest.launchUrl(Loginpagetest.java:13)
at test.Loginpagetest.launchUrl(Loginpagetest.java:13)
at test.Loginpagetest.launchUrl(Loginpagetest.java:13)
at test.Loginpagetest.launchUrl(Loginpagetest.java:13)
at test.Loginpagetest.launchUrl(Loginpagetest.java:13)
at test.Loginpagetest.launchUrl(Loginpagetest.java:13)
at test.Loginpagetest.launchUrl(Loginpagetest.java:13)
at test.Loginpagetest.launchUrl(Loginpagetest.java:13)
at test.Loginpagetest.launchUrl(Loginpagetest.java:13)
at test.Loginpagetest.launchUrl(Loginpagetest.java:13)
at test.Loginpagetest.launchUrl(Loginpagetest.java:13)
at test.Loginpagetest.launchUrl(Loginpagetest.java:13)
at test.Loginpagetest.launchUrl(Loginpagetest.java:13)
at test.Loginpagetest.launchUrl(Loginpagetest.java:13)
at test.Loginpagetest.launchUrl(Loginpagetest.java:13)
at test.Loginpagetest.launchUrl(Loginpagetest.java:13)
at test.Loginpagetest.launchUrl(Loginpagetest.java:13)
at test.Loginpagetest.launchUrl(Loginpagetest.java:13)
at test.Loginpagetest.launchUrl(Loginpagetest.java:13)
at test.Loginpagetest.launchUrl(Loginpagetest.java:13)
at test.Loginpagetest.launchUrl(Loginpagetest.java:13)
at test.Loginpagetest.launchUrl(Loginpagetest.java:13)
at test.Loginpagetest.launchUrl(Loginpagetest.java:13)
at test.Loginpagetest.launchUrl(Loginpagetest.java:13)
at test.Loginpagetest.launchUrl(Loginpagetest.java:13)
at test.Loginpagetest.launchUrl(Loginpagetest.java:13)
at test.Loginpagetest.launchUrl(Loginpagetest.java:13)
at test.Loginpagetest.launchUrl(Loginpagetest.java:13)
at test.Loginpagetest.launchUrl(Loginpagetest.java:13)
at test.Loginpagetest.launchUrl(Loginpagetest.java:13)
at test.Loginpagetest.launchUrl(Loginpagetest.java:13)
at test.Loginpagetest.launchUrl(Loginpagetest.java:13)
at test.Loginpagetest.launchUrl(Loginpagetest.java:13)
at test.Loginpagetest.launchUrl(Loginpagetest.java:13)
at test.Loginpagetest.launchUrl(Loginpagetest.java:13)
at test.Loginpagetest.launchUrl(Loginpagetest.java:13)
at test.Loginpagetest.launchUrl(Loginpagetest.java:13)
at test.Loginpagetest.launchUrl(Loginpagetest.java:13)
at test.Loginpagetest.launchUrl(Loginpagetest.java:13)
at test.Loginpagetest.launchUrl(Loginpagetest.java:13)
at test.Loginpagetest.launchUrl(Loginpagetest.java:13)
at test.Loginpagetest.launchUrl(Loginpagetest.java:13)
at test.Loginpagetest.launchUrl(Loginpagetest.java:13)
at test.Loginpagetest.launchUrl(Loginpagetest.java:13)
at test.Loginpagetest.launchUrl(Loginpagetest.java:13)
at test.Loginpagetest.launchUrl(Loginpagetest.java:13)
at test.Loginpagetest.launchUrl(Loginpagetest.java:13)
at test.Loginpagetest.launchUrl(Loginpagetest.java:13)
at test.Loginpagetest.launchUrl(Loginpagetest.java:13)
at test.Loginpagetest.launchUrl(Loginpagetest.java:13)
at test.Loginpagetest.launchUrl(Loginpagetest.java:13)
at test.Loginpagetest.launchUrl(Loginpagetest.java:13)
at test.Loginpagetest.launchUrl(Loginpagetest.java:13)
at test.Loginpagetest.launchUrl(Loginpagetest.java:13)
at test.Loginpagetest.launchUrl(Loginpagetest.java:13)
at test.Loginpagetest.launchUrl(Loginpagetest.java:13)
at test.Loginpagetest.launchUrl(Loginpagetest.java:13)
at test.Loginpagetest.launchUrl(Loginpagetest.java:13)
at test.Loginpagetest.launchUrl(Loginpagetest.java:13)
at test.Loginpagetest.launchUrl(Loginpagetest.java:13)
at test.Loginpagetest.launchUrl(Loginpagetest.java:13)
at test.Loginpagetest.launchUrl(Loginpagetest.java:13)
at test.Loginpagetest.launchUrl(Loginpagetest.java:13)
at test.Loginpagetest.launchUrl(Loginpagetest.java:13)
at test.Loginpagetest.launchUrl(Loginpagetest.java:13)
at test.Loginpagetest.launchUrl(Loginpagetest.java:13)
at test.Loginpagetest.launchUrl(Loginpagetest.java:13)
at test.Loginpagetest.launchUrl(Loginpagetest.java:13)
at test.Loginpagetest.launchUrl(Loginpagetest.java:13)
at test.Loginpagetest.launchUrl(Loginpagetest.java:13)
at test.Loginpagetest.launchUrl(Loginpagetest.java:13)
at test.Loginpagetest.launchUrl(Loginpagetest.java:13)
at test.Loginpagetest.launchUrl(Loginpagetest.java:13)
at test.Loginpagetest.launchUrl(Loginpagetest.java:13)
at test.Loginpagetest.launchUrl(Loginpagetest.java:13)
at test.Loginpagetest.launchUrl(Loginpagetest.java:13)
at test.Loginpagetest.launchUrl(Loginpagetest.java:13)
at test.Loginpagetest.launchUrl(Loginpagetest.java:13)
at test.Loginpagetest.launchUrl(Loginpagetest.java:13)
at test.Loginpagetest.launchUrl(Loginpagetest.java:13)
at test.Loginpagetest.launchUrl(Loginpagetest.java:13)
at test.Loginpagetest.launchUrl(Loginpagetest.java:13)
at test.Loginpagetest.launchUrl(Loginpagetest.java:13)
at test.Loginpagetest.launchUrl(Loginpagetest.java:13)
at test.Loginpagetest.launchUrl(Loginpagetest.java:13)
at test.Loginpagetest.launchUrl(Loginpagetest.java:13)
at test.Loginpagetest.launchUrl(Loginpagetest.java:13)
at test.Loginpagetest.launchUrl(Loginpagetest.java:13)
at test.Loginpagetest.launchUrl(Loginpagetest.java:13)
at test.Loginpagetest.launchUrl(Loginpagetest.java:13)
at test.Loginpagetest.launchUrl(Loginpagetest.java:13)
at test.Loginpagetest.launchUrl(Loginpagetest.java:13)
at test.Loginpagetest.launchUrl(Loginpagetest.java:13)
at test.Loginpagetest.launchUrl(Loginpagetest.java:13)
at test.Loginpagetest.launchUrl(Loginpagetest.java:13)
at test.Loginpagetest.launchUrl(Loginpagetest.java:13)
at test.Loginpagetest.launchUrl(Loginpagetest.java:13)
at test.Loginpagetest.launchUrl(Loginpagetest.java:13)
at test.Loginpagetest.launchUrl(Loginpagetest.java:13)
at test.Loginpagetest.launchUrl(Loginpagetest.java:13)
at test.Loginpagetest.launchUrl(Loginpagetest.java:13)
at test.Loginpagetest.launchUrl(Loginpagetest.java:13)
at test.Loginpagetest.launchUrl(Loginpagetest.java:13)
at test.Loginpagetest.launchUrl(Loginpagetest.java:13)
at test.Loginpagetest.launchUrl(Loginpagetest.java:13)
at test.Loginpagetest.launchUrl(Loginpagetest.java:13)
at test.Loginpagetest.launchUrl(Loginpagetest.java:13)
at test.Loginpagetest.launchUrl(Loginpagetest.java:13)
at test.Loginpagetest.launchUrl(Loginpagetest.java:13)
at test.Loginpagetest.launchUrl(Loginpagetest.java:13)
at test.Loginpagetest.launchUrl(Loginpagetest.java:13)
at test.Loginpagetest.launchUrl(Loginpagetest.java:13)
at test.Loginpagetest.launchUrl(Loginpagetest.java:13)
at test.Loginpagetest.launchUrl(Loginpagetest.java:13)
at test.Loginpagetest.launchUrl(Loginpagetest.java:13)
at test.Loginpagetest.launchUrl(Loginpagetest.java:13)
at test.Loginpagetest.launchUrl(Loginpagetest.java:13)
at test.Loginpagetest.launchUrl(Loginpagetest.java:13)
at test.Loginpagetest.launchUrl(Loginpagetest.java:13)
at test.Loginpagetest.launchUrl(Loginpagetest.java:13)
at test.Loginpagetest.launchUrl(Loginpagetest.java:13)
at test.Loginpagetest.launchUrl(Loginpagetest.java:13)
at test.Loginpagetest.launchUrl(Loginpagetest.java:13)
at test.Loginpagetest.launchUrl(Loginpagetest.java:13)
at test.Loginpagetest.launchUrl(Loginpagetest.java:13)
at test.Loginpagetest.launchUrl(Loginpagetest.java:13)
at test.Loginpagetest.launchUrl(Loginpagetest.java:13)
at test.Loginpagetest.launchUrl(Loginpagetest.java:13)
at test.Loginpagetest.launchUrl(Loginpagetest.java:13)
at test.Loginpagetest.launchUrl(Loginpagetest.java:13)
at test.Loginpagetest.launchUrl(Loginpagetest.java:13)
at test.Loginpagetest.launchUrl(Loginpagetest.java:13)
at test.Loginpagetest.launchUrl(Loginpagetest.java:13)
at test.Loginpagetest.launchUrl(Loginpagetest.java:13)
at test.Loginpagetest.launchUrl(Loginpagetest.java:13)
at test.Loginpagetest.launchUrl(Loginpagetest.java:13)
at test.Loginpagetest.launchUrl(Loginpagetest.java:13)
at test.Loginpagetest.launchUrl(Loginpagetest.java:13)
at test.Loginpagetest.launchUrl(Loginpagetest.java:13)
at test.Loginpagetest.launchUrl(Loginpagetest.java:13)
at test.Loginpagetest.launchUrl(Loginpagetest.java:13)
at test.Loginpagetest.launchUrl(Loginpagetest.java:13)
at test.Loginpagetest.launchUrl(Loginpagetest.java:13)
at test.Loginpagetest.launchUrl(Loginpagetest.java:13)
at test.Loginpagetest.launchUrl(Loginpagetest.java:13)
at test.Loginpagetest.launchUrl(Loginpagetest.java:13)
at test.Loginpagetest.launchUrl(Loginpagetest.java:13)
at test.Loginpagetest.launchUrl(Loginpagetest.java:13)
at test.Loginpagetest.launchUrl(Loginpagetest.java:13)
at test.Loginpagetest.launchUrl(Loginpagetest.java:13)
at test.Loginpagetest.launchUrl(Loginpagetest.java:13)
at test.Loginpagetest.launchUrl(Loginpagetest.java:13)
at test.Loginpagetest.launchUrl(Loginpagetest.java:13)
at test.Loginpagetest.launchUrl(Loginpagetest.java:13)
at test.Loginpagetest.launchUrl(Loginpagetest.java:13)
at test.Loginpagetest.launchUrl(Loginpagetest.java:13)
at test.Loginpagetest.launchUrl(Loginpagetest.java:13)
at test.Loginpagetest.launchUrl(Loginpagetest.java:13)
at test.Loginpagetest.launchUrl(Loginpagetest.java:13)
at test.Loginpagetest.launchUrl(Loginpagetest.java:13)
at test.Loginpagetest.launchUrl(Loginpagetest.java:13)
at test.Loginpagetest.launchUrl(Loginpagetest.java:13)
at test.Loginpagetest.launchUrl(Loginpagetest.java:13)
at test.Loginpagetest.launchUrl(Loginpagetest.java:13)
at test.Loginpagetest.launchUrl(Loginpagetest.java:13)
at test.Loginpagetest.launchUrl(Loginpagetest.java:13)
at test.Loginpagetest.launchUrl(Loginpagetest.java:13)
at test.Loginpagetest.launchUrl(Loginpagetest.java:13)
at test.Loginpagetest.launchUrl(Loginpagetest.java:13)
at test.Loginpagetest.launchUrl(Loginpagetest.java:13)
at test.Loginpagetest.launchUrl(Loginpagetest.java:13)
at test.Loginpagetest.launchUrl(Loginpagetest.java:13)
at test.Loginpagetest.launchUrl(Loginpagetest.java:13)
at test.Loginpagetest.launchUrl(Loginpagetest.java:13)
at test.Loginpagetest.launchUrl(Loginpagetest.java:13)
at test.Loginpagetest.launchUrl(Loginpagetest.java:13)
at test.Loginpagetest.launchUrl(Loginpagetest.java:13)
at test.Loginpagetest.launchUrl(Loginpagetest.java:13)
at test.Loginpagetest.launchUrl(Loginpagetest.java:13)
at test.Loginpagetest.launchUrl(Loginpagetest.java:13)
at test.Loginpagetest.launchUrl(Loginpagetest.java:13)
at test.Loginpagetest.launchUrl(Loginpagetest.java:13)
at test.Loginpagetest.launchUrl(Loginpagetest.java:13)
at test.Loginpagetest.launchUrl(Loginpagetest.java:13)
at test.Loginpagetest.launchUrl(Loginpagetest.java:13)
at test.Loginpagetest.launchUrl(Loginpagetest.java:13)
at test.Loginpagetest.launchUrl(Loginpagetest.java:13)
at test.Loginpagetest.launchUrl(Loginpagetest.java:13)
at test.Loginpagetest.launchUrl(Loginpagetest.java:13)
at test.Loginpagetest.launchUrl(Loginpagetest.java:13)
at test.Loginpagetest.launchUrl(Loginpagetest.java:13)
at test.Loginpagetest.launchUrl(Loginpagetest.java:13)
at test.Loginpagetest.launchUrl(Loginpagetest.java:13)
at test.Loginpagetest.launchUrl(Loginpagetest.java:13)
at test.Loginpagetest.launchUrl(Loginpagetest.java:13)
at test.Loginpagetest.launchUrl(Loginpagetest.java:13)
at test.Loginpagetest.launchUrl(Loginpagetest.java:13)
at test.Loginpagetest.launchUrl(Loginpagetest.java:13)
at test.Loginpagetest.launchUrl(Loginpagetest.java:13)
at test.Loginpagetest.launchUrl(Loginpagetest.java:13)
at test.Loginpagetest.launchUrl(Loginpagetest.java:13)
at test.Loginpagetest.launchUrl(Loginpagetest.java:13)
at test.Loginpagetest.launchUrl(Loginpagetest.java:13)
at test.Loginpagetest.launchUrl(Loginpagetest.java:13)
at test.Loginpagetest.launchUrl(Loginpagetest.java:13)
at test.Loginpagetest.launchUrl(Loginpagetest.java:13)
at test.Loginpagetest.launchUrl(Loginpagetest.java:13)
at test.Loginpagetest.launchUrl(Loginpagetest.java:13)
at test.Loginpagetest.launchUrl(Loginpagetest.java:13)
at test.Loginpagetest.launchUrl(Loginpagetest.java:13)
at test.Loginpagetest.launchUrl(Loginpagetest.java:13)
at test.Loginpagetest.launchUrl(Loginpagetest.java:13)
at test.Loginpagetest.launchUrl(Loginpagetest.java:13)
at test.Loginpagetest.launchUrl(Loginpagetest.java:13)
at test.Loginpagetest.launchUrl(Loginpagetest.java:13)
at test.Loginpagetest.launchUrl(Loginpagetest.java:13)
at test.Loginpagetest.launchUrl(Loginpagetest.java:13)
at test.Loginpagetest.launchUrl(Loginpagetest.java:13)
at test.Loginpagetest.launchUrl(Loginpagetest.java:13)
at test.Loginpagetest.launchUrl(Loginpagetest.java:13)
at test.Loginpagetest.launchUrl(Loginpagetest.java:13)
at test.Loginpagetest.launchUrl(Loginpagetest.java:13)
at test.Loginpagetest.launchUrl(Loginpagetest.java:13)
at test.Loginpagetest.launchUrl(Loginpagetest.java:13)
at test.Loginpagetest.launchUrl(Loginpagetest.java:13)
at test.Loginpagetest.launchUrl(Loginpagetest.java:13)
at test.Loginpagetest.launchUrl(Loginpagetest.java:13)
at test.Loginpagetest.launchUrl(Loginpagetest.java:13)
at test.Loginpagetest.launchUrl(Loginpagetest.java:13)
at test.Loginpagetest.launchUrl(Loginpagetest.java:13)
at test.Loginpagetest.launchUrl(Loginpagetest.java:13)
at test.Loginpagetest.launchUrl(Loginpagetest.java:13)
at test.Loginpagetest.launchUrl(Loginpagetest.java:13)
at test.Loginpagetest.launchUrl(Loginpagetest.java:13)
at test.Loginpagetest.launchUrl(Loginpagetest.java:13)
at test.Loginpagetest.launchUrl(Loginpagetest.java:13)
at test.Loginpagetest.launchUrl(Loginpagetest.java:13)
at test.Loginpagetest.launchUrl(Loginpagetest.java:13)
at test.Loginpagetest.launchUrl(Loginpagetest.java:13)
at test.Loginpagetest.launchUrl(Loginpagetest.java:13)
at test.Loginpagetest.launchUrl(Loginpagetest.java:13)
at test.Loginpagetest.launchUrl(Loginpagetest.java:13)
at test.Loginpagetest.launchUrl(Loginpagetest.java:13)
at test.Loginpagetest.launchUrl(Loginpagetest.java:13)
at test.Loginpagetest.launchUrl(Loginpagetest.java:13)
at test.Loginpagetest.launchUrl(Loginpagetest.java:13)
at test.Loginpagetest.launchUrl(Loginpagetest.java:13)
at test.Loginpagetest.launchUrl(Loginpagetest.java:13)
at test.Loginpagetest.launchUrl(Loginpagetest.java:13)
at test.Loginpagetest.launchUrl(Loginpagetest.java:13)
at test.Loginpagetest.launchUrl(Loginpagetest.java:13)
at test.Loginpagetest.launchUrl(Loginpagetest.java:13)
at test.Loginpagetest.launchUrl(Loginpagetest.java:13)
at test.Loginpagetest.launchUrl(Loginpagetest.java:13)
at test.Loginpagetest.launchUrl(Loginpagetest.java:13)
at test.Loginpagetest.launchUrl(Loginpagetest.java:13)
at test.Loginpagetest.launchUrl(Loginpagetest.java:13)
at test.Loginpagetest.launchUrl(Loginpagetest.java:13)
at test.Loginpagetest.launchUrl(Loginpagetest.java:13)
at test.Loginpagetest.launchUrl(Loginpagetest.java:13)
at test.Loginpagetest.launchUrl(Loginpagetest.java:13)
at test.Loginpagetest.launchUrl(Loginpagetest.java:13)
at test.Loginpagetest.launchUrl(Loginpagetest.java:13)
at test.Loginpagetest.launchUrl(Loginpagetest.java:13)
at test.Loginpagetest.launchUrl(Loginpagetest.java:13)
at test.Loginpagetest.launchUrl(Loginpagetest.java:13)
at test.Loginpagetest.launchUrl(Loginpagetest.java:13)
at test.Loginpagetest.launchUrl(Loginpagetest.java:13)
at test.Loginpagetest.launchUrl(Loginpagetest.java:13)
at test.Loginpagetest.launchUrl(Loginpagetest.java:13)
at test.Loginpagetest.launchUrl(Loginpagetest.java:13)
at test.Loginpagetest.launchUrl(Loginpagetest.java:13)
at test.Loginpagetest.launchUrl(Loginpagetest.java:13)
at test.Loginpagetest.launchUrl(Loginpagetest.java:13)
at test.Loginpagetest.launchUrl(Loginpagetest.java:13)
at test.Loginpagetest.launchUrl(Loginpagetest.java:13)
at test.Loginpagetest.launchUrl(Loginpagetest.java:13)
at test.Loginpagetest.launchUrl(Loginpagetest.java:13)
at test.Loginpagetest.launchUrl(Loginpagetest.java:13)
at test.Loginpagetest.launchUrl(Loginpagetest.java:13)
at test.Loginpagetest.launchUrl(Loginpagetest.java:13)
at test.Loginpagetest.launchUrl(Loginpagetest.java:13)
at test.Loginpagetest.launchUrl(Loginpagetest.java:13)
at test.Loginpagetest.launchUrl(Loginpagetest.java:13)
at test.Loginpagetest.launchUrl(Loginpagetest.java:13)
at test.Loginpagetest.launchUrl(Loginpagetest.java:13)
at test.Loginpagetest.launchUrl(Loginpagetest.java:13)
at test.Loginpagetest.launchUrl(Loginpagetest.java:13)
at test.Loginpagetest.launchUrl(Loginpagetest.java:13)
at test.Loginpagetest.launchUrl(Loginpagetest.java:13)
at test.Loginpagetest.launchUrl(Loginpagetest.java:13)
at test.Loginpagetest.launchUrl(Loginpagetest.java:13)
at test.Loginpagetest.launchUrl(Loginpagetest.java:13)
at test.Loginpagetest.launchUrl(Loginpagetest.java:13)
at test.Loginpagetest.launchUrl(Loginpagetest.java:13)
at test.Loginpagetest.launchUrl(Loginpagetest.java:13)
at test.Loginpagetest.launchUrl(Loginpagetest.java:13)
at test.Loginpagetest.launchUrl(Loginpagetest.java:13)
at test.Loginpagetest.launchUrl(Loginpagetest.java:13)
at test.Loginpagetest.launchUrl(Loginpagetest.java:13)
at test.Loginpagetest.launchUrl(Loginpagetest.java:13)
at test.Loginpagetest.launchUrl(Loginpagetest.java:13)
at test.Loginpagetest.launchUrl(Loginpagetest.java:13)
at test.Loginpagetest.launchUrl(Loginpagetest.java:13)
at test.Loginpagetest.launchUrl(Loginpagetest.java:13)
at test.Loginpagetest.launchUrl(Loginpagetest.java:13)
at test.Loginpagetest.launchUrl(Loginpagetest.java:13)
at test.Loginpagetest.launchUrl(Loginpagetest.java:13)
at test.Loginpagetest.launchUrl(Loginpagetest.java:13)
at test.Loginpagetest.launchUrl(Loginpagetest.java:13)
at test.Loginpagetest.launchUrl(Loginpagetest.java:13)
at test.Loginpagetest.launchUrl(Loginpagetest.java:13)
at test.Loginpagetest.launchUrl(Loginpagetest.java:13)
at test.Loginpagetest.launchUrl(Loginpagetest.java:13)
at test.Loginpagetest.launchUrl(Loginpagetest.java:13)
at test.Loginpagetest.launchUrl(Loginpagetest.java:13)
at test.Loginpagetest.launchUrl(Loginpagetest.java:13)
at test.Loginpagetest.launchUrl(Loginpagetest.java:13)
at test.Loginpagetest.launchUrl(Loginpagetest.java:13)
at test.Loginpagetest.launchUrl(Loginpagetest.java:13)
at test.Loginpagetest.launchUrl(Loginpagetest.java:13)
at test.Loginpagetest.launchUrl(Loginpagetest.java:13)
at test.Loginpagetest.launchUrl(Loginpagetest.java:13)
at test.Loginpagetest.launchUrl(Loginpagetest.java:13)
at test.Loginpagetest.launchUrl(Loginpagetest.java:13)
at test.Loginpagetest.launchUrl(Loginpagetest.java:13)
at test.Loginpagetest.launchUrl(Loginpagetest.java:13)
at test.Loginpagetest.launchUrl(Loginpagetest.java:13)
at test.Loginpagetest.launchUrl(Loginpagetest.java:13)
at test.Loginpagetest.launchUrl(Loginpagetest.java:13)
at test.Loginpagetest.launchUrl(Loginpagetest.java:13)
at test.Loginpagetest.launchUrl(Loginpagetest.java:13)
at test.Loginpagetest.launchUrl(Loginpagetest.java:13)
at test.Loginpagetest.launchUrl(Loginpagetest.java:13)
at test.Loginpagetest.launchUrl(Loginpagetest.java:13)
at test.Loginpagetest.launchUrl(Loginpagetest.java:13)
at test.Loginpagetest.launchUrl(Loginpagetest.java:13)
at test.Loginpagetest.launchUrl(Loginpagetest.java:13)
at test.Loginpagetest.launchUrl(Loginpagetest.java:13)
at test.Loginpagetest.launchUrl(Loginpagetest.java:13)
at test.Loginpagetest.launchUrl(Loginpagetest.java:13)
at test.Loginpagetest.launchUrl(Loginpagetest.java:13)
at test.Loginpagetest.launchUrl(Loginpagetest.java:13)
at test.Loginpagetest.launchUrl(Loginpagetest.java:13)
at test.Loginpagetest.launchUrl(Loginpagetest.java:13)
at test.Loginpagetest.launchUrl(Loginpagetest.java:13)
at test.Loginpagetest.launchUrl(Loginpagetest.java:13)
at test.Loginpagetest.launchUrl(Loginpagetest.java:13)
at test.Loginpagetest.launchUrl(Loginpagetest.java:13)
at test.Loginpagetest.launchUrl(Loginpagetest.java:13)
at test.Loginpagetest.launchUrl(Loginpagetest.java:13)
at test.Loginpagetest.launchUrl(Loginpagetest.java:13)
at test.Loginpagetest.launchUrl(Loginpagetest.java:13)
at test.Loginpagetest.launchUrl(Loginpagetest.java:13)
at test.Loginpagetest.launchUrl(Loginpagetest.java:13)
at test.Loginpagetest.launchUrl(Loginpagetest.java:13)
at test.Loginpagetest.launchUrl(Loginpagetest.java:13)
at test.Loginpagetest.launchUrl(Loginpagetest.java:13)
at test.Loginpagetest.launchUrl(Loginpagetest.java:13)
at test.Loginpagetest.launchUrl(Loginpagetest.java:13)
at test.Loginpagetest.launchUrl(Loginpagetest.java:13)
at test.Loginpagetest.launchUrl(Loginpagetest.java:13)
at test.Loginpagetest.launchUrl(Loginpagetest.java:13)
at test.Loginpagetest.launchUrl(Loginpagetest.java:13)
at test.Loginpagetest.launchUrl(Loginpagetest.java:13)
at test.Loginpagetest.launchUrl(Loginpagetest.java:13)
at test.Loginpagetest.launchUrl(Loginpagetest.java:13)
at test.Loginpagetest.launchUrl(Loginpagetest.java:13)
at test.Loginpagetest.launchUrl(Loginpagetest.java:13)
at test.Loginpagetest.launchUrl(Loginpagetest.java:13)
at test.Loginpagetest.launchUrl(Loginpagetest.java:13)
at test.Loginpagetest.launchUrl(Loginpagetest.java:13)
at test.Loginpagetest.launchUrl(Loginpagetest.java:13)
at test.Loginpagetest.launchUrl(Loginpagetest.java:13)
]]>
    </error>
  </testcase> <!-- launchUrl -->
  <system-out/>
  <testcase classname="test.Loginpagetest" name="launchUrl" time="0.000">
    <skipped/>
  </testcase> <!-- launchUrl -->
  <system-out/>
  <testcase classname="test.Loginpagetest" name="getURL" time="0.000">
    <skipped/>
  </testcase> <!-- getURL -->
  <system-out/>
</testsuite> <!-- test.Loginpagetest -->
