<?xml version="1.0" encoding="UTF-8"?>
<!-- Generated by org.testng.reporters.JUnitReportReporter -->
<testsuite hostname="DESKTOP-2FG08GB" failures="0" tests="1" name="baseLibrary.BaseLibrary" time="20.179" errors="0" timestamp="2024-07-02T14:04:08 IST" skipped="0">
  <testcase classname="baseLibrary.BaseLibrary" name="launchUrl" time="20.179"/>
  <system-out/>
</testsuite> <!-- baseLibrary.BaseLibrary -->
