<?xml version="1.0" encoding="UTF-8"?>
<!-- Generated by org.testng.reporters.JUnitReportReporter -->
<testsuite hostname="DESKTOP-2FG08GB" failures="0" tests="3" name="tests.ToolTipTest" time="3.862" errors="0" timestamp="2024-06-24T20:39:56 IST" skipped="0">
  <testcase classname="tests.ToolTipTest" name="clickWidget" time="1.928"/>
  <system-out/>
  <testcase classname="tests.ToolTipTest" name="clickOnToolTip" time="0.738"/>
  <system-out/>
  <testcase classname="tests.ToolTipTest" name="getAttribute" time="1.196"/>
  <system-out/>
</testsuite> <!-- tests.ToolTipTest -->
