<?xml version="1.0" encoding="UTF-8"?>
<!-- Generated by org.testng.reporters.JUnitReportReporter -->
<testsuite hostname="DESKTOP-2FG08GB" failures="0" tests="1" name="baseLibrary.BaseLibrary" time="77.825" errors="0" timestamp="2024-05-06T15:51:18 IST" skipped="0">
  <testcase classname="baseLibrary.BaseLibrary" name="launchUrl" time="77.825"/>
  <system-out/>
</testsuite> <!-- baseLibrary.BaseLibrary -->
