<?xml version="1.0" encoding="UTF-8"?>
<!-- Generated by org.testng.reporters.JUnitReportReporter -->
<testsuite hostname="DESKTOP-2FG08GB" failures="0" tests="3" name="tests.NestedTest" time="7.278" errors="0" timestamp="2024-06-24T20:53:13 IST" skipped="0">
  <testcase classname="tests.NestedTest" name="clickOnAlert" time="1.042"/>
  <system-out/>
  <testcase classname="tests.NestedTest" name="ClickNested" time="3.054"/>
  <system-out/>
  <testcase classname="tests.NestedTest" name="ClickChild" time="3.182"/>
  <system-out/>
</testsuite> <!-- tests.NestedTest -->
