<?xml version="1.0" encoding="UTF-8"?>
<!-- Generated by org.testng.reporters.JUnitReportReporter -->
<testsuite hostname="DESKTOP-2FG08GB" failures="0" tests="6" name="tests.SelectMenuTest" time="8.956" errors="0" timestamp="2024-06-24T18:51:34 IST" skipped="0">
  <testcase classname="tests.SelectMenuTest" name="clickWidget" time="0.833"/>
  <system-out/>
  <testcase classname="tests.SelectMenuTest" name="Menu" time="1.502"/>
  <system-out/>
  <testcase classname="tests.SelectMenuTest" name="menuPage" time="2.522"/>
  <system-out/>
  <testcase classname="tests.SelectMenuTest" name="selectTiTle" time="1.556"/>
  <system-out/>
  <testcase classname="tests.SelectMenuTest" name="OldPaGe" time="1.833"/>
  <system-out/>
  <testcase classname="tests.SelectMenuTest" name="mulTISelect" time="0.710"/>
  <system-out/>
</testsuite> <!-- tests.SelectMenuTest -->
