<?xml version="1.0" encoding="UTF-8"?>
<!-- Generated by org.testng.reporters.JUnitReportReporter -->
<testsuite hostname="DESKTOP-2FG08GB" failures="0" tests="2" name="tests.LoginTest" time="1.047" errors="0" timestamp="2024-06-24T17:18:20 IST" skipped="0">
  <testcase classname="tests.LoginTest" name="getUrl" time="0.688"/>
  <system-out/>
  <testcase classname="tests.LoginTest" name="getTitle" time="0.359"/>
  <system-out/>
</testsuite> <!-- tests.LoginTest -->
