<?xml version="1.0" encoding="UTF-8"?>
<!-- Generated by org.testng.reporters.JUnitReportReporter -->
<testsuite hostname="DESKTOP-2FG08GB" failures="0" tests="5" name="tests.ButtonsTest" time="4.508" errors="0" timestamp="2024-06-24T22:23:02 IST" skipped="0">
  <testcase classname="tests.ButtonsTest" name="clickOnElement" time="1.740"/>
  <system-out/>
  <testcase classname="tests.ButtonsTest" name="clickButton" time="0.691"/>
  <system-out/>
  <testcase classname="tests.ButtonsTest" name="Doubleclick" time="0.798"/>
  <system-out/>
  <testcase classname="tests.ButtonsTest" name="Rightclick" time="0.648"/>
  <system-out/>
  <testcase classname="tests.ButtonsTest" name="clickmeSingle" time="0.631"/>
  <system-out/>
</testsuite> <!-- tests.ButtonsTest -->
