<?xml version="1.0" encoding="UTF-8"?>
<!-- Generated by org.testng.reporters.JUnitReportReporter -->
<testsuite hostname="DESKTOP-2FG08GB" failures="0" tests="6" name="tests.AlertTest" time="9.997" errors="0" timestamp="2024-06-10T12:40:56 IST" skipped="0">
  <testcase classname="tests.AlertTest" name="clickOnAlert" time="0.817"/>
  <system-out/>
  <testcase classname="tests.AlertTest" name="AlertButton" time="0.683"/>
  <system-out/>
  <testcase classname="tests.AlertTest" name="ClickOnme" time="0.692"/>
  <system-out/>
  <testcase classname="tests.AlertTest" name="Clicknextbutton" time="6.277"/>
  <system-out/>
  <testcase classname="tests.AlertTest" name="ConfirmBox" time="0.855"/>
  <system-out/>
  <testcase classname="tests.AlertTest" name="PromptMsg" time="0.673"/>
  <system-out/>
</testsuite> <!-- tests.AlertTest -->
