<?xml version="1.0" encoding="UTF-8"?>
<!-- Generated by org.testng.reporters.JUnitReportReporter -->
<testsuite hostname="DESKTOP-2FG08GB" failures="0" tests="3" name="tests.UploadDownload" time="13.891" errors="0" timestamp="2024-06-24T18:46:58 IST" skipped="0">
  <testcase classname="tests.UploadDownload" name="clickOnElement" time="0.878"/>
  <system-out/>
  <testcase classname="tests.UploadDownload" name="ClickOnUpload" time="5.718"/>
  <system-out/>
  <testcase classname="tests.UploadDownload" name="chooseFile" time="7.295"/>
  <system-out/>
</testsuite> <!-- tests.UploadDownload -->
