<?xml version="1.0" encoding="UTF-8"?>
<!-- Generated by org.testng.reporters.JUnitReportReporter -->
<testsuite hostname="DESKTOP-2FG08GB" failures="0" tests="6" name="tests.TextBoxtest" time="45.524" errors="0" timestamp="2024-05-15T22:41:41 IST" skipped="0">
  <testcase classname="tests.TextBoxtest" name="clickOnClose" time="0.124"/>
  <system-out/>
  <testcase classname="tests.TextBoxtest" name="clickOnpractice" time="14.368"/>
  <system-out/>
  <testcase classname="tests.TextBoxtest" name="clickOnElement" time="0.172"/>
  <system-out/>
  <testcase classname="tests.TextBoxtest" name="clickOntext" time="0.369"/>
  <system-out/>
  <testcase classname="tests.TextBoxtest" name="fillDetails" time="27.954"/>
  <system-out/>
  <testcase classname="tests.TextBoxtest" name="getValidate" time="2.537"/>
  <system-out/>
</testsuite> <!-- tests.TextBoxtest -->
